[2019-01-15 17:25:48,962] multiqc                                            [DEBUG  ]  No MultiQC config found: /opt/miniconda3/lib/python3.6/site-packages/multiqc_config.yaml
[2019-01-15 17:25:48,962] multiqc                                            [DEBUG  ]  No MultiQC config found: /home/vgutierrez/.multiqc_config.yaml
[2019-01-15 17:25:48,962] multiqc                                            [DEBUG  ]  No MultiQC config found: multiqc_config.yaml
[2019-01-15 17:25:48,963] multiqc                                            [DEBUG  ]  Command used: /opt/miniconda3/bin/multiqc .
[2019-01-15 17:25:50,020] multiqc                                            [WARNING]  MultiQC Version v1.7 now available!
[2019-01-15 17:25:50,021] multiqc                                            [INFO   ]  This is MultiQC v1.6
[2019-01-15 17:25:50,021] multiqc                                            [DEBUG  ]  Command     : /opt/miniconda3/bin/multiqc .
[2019-01-15 17:25:50,021] multiqc                                            [DEBUG  ]  Working dir : /home/vgutierrez/work/trim
[2019-01-15 17:25:50,021] multiqc                                            [INFO   ]  Template    : default
[2019-01-15 17:25:50,022] multiqc                                            [INFO   ]  Searching '.'
[2019-01-15 17:25:50,023] multiqc                                            [DEBUG  ]  Analysing modules: custom_content, conpair, peddy, methylQA, qualimap, preseq, quast, qorts, rna_seqc, rsem, rseqc, busco, goleft_indexcov, disambiguate, supernova, deeptools, sargasso, verifybamid, mirtrace, happy, homer, macs2, theta2, snpeff, gatk, htseq, bcftools, featureCounts, dedup, picard, prokka, samblaster, samtools, bamtools, jellyfish, vcftools, longranger, bbmap, bismark, hicexplorer, hicup, hicpro, salmon, kallisto, slamdunk, star, hisat2, tophat, bowtie2, bowtie1, kat, leehom, adapterRemoval, clipandmerge, cutadapt, flexbar, trimmomatic, skewer, sortmerna, biobloomtools, fastq_screen, afterqc, fastp, fastqc, clusterflow, bcl2fastq, interop
[2019-01-15 17:25:50,023] multiqc                                            [DEBUG  ]  Using temporary directory for creating report: /tmp/tmp33zics5q
[2019-01-15 17:25:50,098] multiqc                                            [DEBUG  ]  Ignoring file as matched an ignore pattern: 6Hour_CGATGT_L002_R2_003.fastq
[2019-01-15 17:25:50,098] multiqc                                            [DEBUG  ]  Ignoring file as matched an ignore pattern: 0Hour_ATCACG_L002_R2_005.fastq
[2019-01-15 17:25:50,099] multiqc                                            [DEBUG  ]  Ignoring file as matched an ignore pattern: 0Hour_ATCACG_L002_R1_003.fastq
[2019-01-15 17:25:50,099] multiqc                                            [DEBUG  ]  Ignoring file as matched an ignore pattern: 6Hour_CGATGT_L002_R2_001.fastq
[2019-01-15 17:25:50,110] multiqc                                            [DEBUG  ]  Ignoring file as matched an ignore pattern: 0Hour_ATCACG_L002_R1_004.qc.fq.gz
[2019-01-15 17:25:50,110] multiqc                                            [DEBUG  ]  Ignoring file as matched an ignore pattern: 6Hour_CGATGT_L002_R1_003.fastq
[2019-01-15 17:25:50,110] multiqc                                            [DEBUG  ]  Ignoring file as matched an ignore pattern: 6Hour_CGATGT_L002_R2_002.fastq
[2019-01-15 17:25:50,111] multiqc                                            [DEBUG  ]  Ignoring file as matched an ignore pattern: 6Hour_CGATGT_L002_R1_002.qc.fq.gz
[2019-01-15 17:25:50,111] multiqc                                            [DEBUG  ]  Ignoring file as matched an ignore pattern: 6Hour_CGATGT_L002_R1_004.fastq
[2019-01-15 17:25:50,111] multiqc                                            [DEBUG  ]  Ignoring file as matched an ignore pattern: 6Hour_CGATGT_L002_R1_001.fastq
[2019-01-15 17:25:50,111] multiqc                                            [DEBUG  ]  Ignoring file as matched an ignore pattern: 0Hour_ATCACG_L002_R1_003.qc_fastqc.html
[2019-01-15 17:25:50,112] multiqc                                            [DEBUG  ]  Ignoring file as matched an ignore pattern: 6Hour_CGATGT_L002_R2_005.qc_fastqc.html
[2019-01-15 17:25:50,112] multiqc                                            [DEBUG  ]  Ignoring file as matched an ignore pattern: 0Hour_ATCACG_L002_R2_004.qc.fq.gz
[2019-01-15 17:25:50,112] multiqc                                            [DEBUG  ]  Ignoring file as matched an ignore pattern: 6Hour_CGATGT_L002_R2_004.qc.fq.gz
[2019-01-15 17:25:50,113] multiqc                                            [DEBUG  ]  Ignoring file as matched an ignore pattern: combined.fa
[2019-01-15 17:25:50,113] multiqc                                            [DEBUG  ]  Ignoring file as matched an ignore pattern: 0Hour_ATCACG_L002_R1_003.qc.fq.gz
[2019-01-15 17:25:50,113] multiqc                                            [DEBUG  ]  Ignoring file as matched an ignore pattern: 0Hour_ATCACG_L002_R1_001.fastq
[2019-01-15 17:25:50,114] multiqc                                            [DEBUG  ]  Ignoring file as matched an ignore pattern: 0Hour_ATCACG_L002_R1_005.qc.fq.gz
[2019-01-15 17:25:50,114] multiqc                                            [DEBUG  ]  Ignoring file as matched an ignore pattern: 6Hour_CGATGT_L002_R2_004.fastq
[2019-01-15 17:25:50,115] multiqc                                            [DEBUG  ]  Ignoring file as matched an ignore pattern: 0Hour_ATCACG_L002_R2_005.qc.fq.gz
[2019-01-15 17:25:50,115] multiqc                                            [DEBUG  ]  Ignoring file as matched an ignore pattern: 6Hour_CGATGT_L002_R1_005.fastq
[2019-01-15 17:25:50,116] multiqc                                            [DEBUG  ]  Ignoring file as matched an ignore pattern: 0Hour_ATCACG_L002_R2_001.qc.fq.gz
[2019-01-15 17:25:50,116] multiqc                                            [DEBUG  ]  Ignoring file as matched an ignore pattern: 0Hour_ATCACG_L002_R2_004.qc_fastqc.html
[2019-01-15 17:25:50,116] multiqc                                            [DEBUG  ]  Ignoring file as matched an ignore pattern: 6Hour_CGATGT_L002_R1_005.qc.fq.gz
[2019-01-15 17:25:50,117] multiqc                                            [DEBUG  ]  Ignoring file as matched an ignore pattern: 6Hour_CGATGT_L002_R1_002.qc_fastqc.html
[2019-01-15 17:25:50,119] multiqc                                            [DEBUG  ]  Ignoring file as matched an ignore pattern: 0Hour_ATCACG_L002_R2_005.qc_fastqc.html
[2019-01-15 17:25:50,120] multiqc                                            [DEBUG  ]  Ignoring file as matched an ignore pattern: 6Hour_CGATGT_L002_R1_003.qc.fq.gz
[2019-01-15 17:25:50,120] multiqc                                            [DEBUG  ]  Ignoring file as matched an ignore pattern: 0Hour_ATCACG_L002_R1_002.qc.fq.gz
[2019-01-15 17:25:50,121] multiqc                                            [DEBUG  ]  Ignoring file as matched an ignore pattern: orphans.qc.fq.gz
[2019-01-15 17:25:50,121] multiqc                                            [DEBUG  ]  Ignoring file as matched an ignore pattern: 6Hour_CGATGT_L002_R1_001.qc_fastqc.html
[2019-01-15 17:25:50,122] multiqc                                            [DEBUG  ]  Ignoring file as matched an ignore pattern: 6Hour_CGATGT_L002_R2_001.qc_fastqc.html
[2019-01-15 17:25:50,122] multiqc                                            [DEBUG  ]  Ignoring file as matched an ignore pattern: 6Hour_CGATGT_L002_R2_002.qc_fastqc.html
[2019-01-15 17:25:50,123] multiqc                                            [DEBUG  ]  Ignoring file as matched an ignore pattern: 0Hour_ATCACG_L002_R2_003.qc_fastqc.html
[2019-01-15 17:25:50,123] multiqc                                            [DEBUG  ]  Ignoring file as matched an ignore pattern: 6Hour_CGATGT_L002_R2_003.qc.fq.gz
[2019-01-15 17:25:50,123] multiqc                                            [DEBUG  ]  Ignoring file as matched an ignore pattern: 6Hour_CGATGT_L002_R2_001.qc.fq.gz
[2019-01-15 17:25:50,123] multiqc                                            [DEBUG  ]  Ignoring file as matched an ignore pattern: 6Hour_CGATGT_L002_R1_002.fastq
[2019-01-15 17:25:50,124] multiqc                                            [DEBUG  ]  Ignoring file as matched an ignore pattern: 0Hour_ATCACG_L002_R1_002.qc_fastqc.html
[2019-01-15 17:25:50,124] multiqc                                            [DEBUG  ]  Ignoring file as matched an ignore pattern: 0Hour_ATCACG_L002_R2_001.qc_fastqc.html
[2019-01-15 17:25:50,125] multiqc                                            [DEBUG  ]  Ignoring file as matched an ignore pattern: 6Hour_CGATGT_L002_R2_003.qc_fastqc.html
[2019-01-15 17:25:50,125] multiqc                                            [DEBUG  ]  Ignoring file as matched an ignore pattern: 0Hour_ATCACG_L002_R1_004.fastq
[2019-01-15 17:25:50,125] multiqc                                            [DEBUG  ]  Ignoring file as matched an ignore pattern: 6Hour_CGATGT_L002_R2_004.qc_fastqc.html
[2019-01-15 17:25:50,125] multiqc                                            [DEBUG  ]  Ignoring file as matched an ignore pattern: 0Hour_ATCACG_L002_R1_004.qc_fastqc.html
[2019-01-15 17:25:50,126] multiqc                                            [DEBUG  ]  Ignoring file as matched an ignore pattern: 0Hour_ATCACG_L002_R1_005.qc_fastqc.html
[2019-01-15 17:25:50,127] multiqc                                            [DEBUG  ]  Ignoring file as matched an ignore pattern: 0Hour_ATCACG_L002_R1_002.fastq
[2019-01-15 17:25:50,127] multiqc                                            [DEBUG  ]  Ignoring file as matched an ignore pattern: 0Hour_ATCACG_L002_R2_003.qc.fq.gz
[2019-01-15 17:25:50,127] multiqc                                            [DEBUG  ]  Ignoring file as matched an ignore pattern: 6Hour_CGATGT_L002_R1_001.qc.fq.gz
[2019-01-15 17:25:50,128] multiqc                                            [DEBUG  ]  Ignoring file as matched an ignore pattern: 0Hour_ATCACG_L002_R1_001.qc.fq.gz
[2019-01-15 17:25:50,128] multiqc                                            [DEBUG  ]  Ignoring file as matched an ignore pattern: 6Hour_CGATGT_L002_R2_005.fastq
[2019-01-15 17:25:50,129] multiqc                                            [DEBUG  ]  Ignoring file as matched an ignore pattern: 0Hour_ATCACG_L002_R2_003.fastq
[2019-01-15 17:25:50,129] multiqc                                            [DEBUG  ]  Ignoring file as matched an ignore pattern: 0Hour_ATCACG_L002_R2_002.qc_fastqc.html
[2019-01-15 17:25:50,129] multiqc                                            [DEBUG  ]  Ignoring file as matched an ignore pattern: 0Hour_ATCACG_L002_R2_002.qc.fq.gz
[2019-01-15 17:25:50,130] multiqc                                            [DEBUG  ]  Ignoring file as matched an ignore pattern: 0Hour_ATCACG_L002_R2_004.fastq
[2019-01-15 17:25:50,130] multiqc                                            [DEBUG  ]  Ignoring file as matched an ignore pattern: 6Hour_CGATGT_L002_R2_002.qc.fq.gz
[2019-01-15 17:25:50,130] multiqc                                            [DEBUG  ]  Ignoring file as matched an ignore pattern: 0Hour_ATCACG_L002_R2_002.fastq
[2019-01-15 17:25:50,131] multiqc                                            [DEBUG  ]  Ignoring file as matched an ignore pattern: 0Hour_ATCACG_L002_R1_001.qc_fastqc.html
[2019-01-15 17:25:50,131] multiqc                                            [DEBUG  ]  Ignoring file as matched an ignore pattern: 6Hour_CGATGT_L002_R1_005.qc_fastqc.html
[2019-01-15 17:25:50,131] multiqc                                            [DEBUG  ]  Ignoring file as matched an ignore pattern: 6Hour_CGATGT_L002_R2_005.qc.fq.gz
[2019-01-15 17:25:50,131] multiqc                                            [DEBUG  ]  Ignoring file as matched an ignore pattern: 6Hour_CGATGT_L002_R1_004.qc_fastqc.html
[2019-01-15 17:25:50,132] multiqc                                            [DEBUG  ]  Ignoring file as matched an ignore pattern: 0Hour_ATCACG_L002_R1_005.fastq
[2019-01-15 17:25:50,133] multiqc                                            [DEBUG  ]  Ignoring file as matched an ignore pattern: 6Hour_CGATGT_L002_R1_004.qc.fq.gz
[2019-01-15 17:25:50,133] multiqc                                            [DEBUG  ]  Ignoring file as matched an ignore pattern: 0Hour_ATCACG_L002_R2_001.fastq
[2019-01-15 17:25:50,133] multiqc                                            [DEBUG  ]  Ignoring file as matched an ignore pattern: 6Hour_CGATGT_L002_R1_003.qc_fastqc.html
[2019-01-15 17:25:50,454] multiqc                                            [DEBUG  ]  No samples found: custom_content
[2019-01-15 17:25:50,460] multiqc                                            [DEBUG  ]  No samples found: conpair
[2019-01-15 17:25:50,490] multiqc                                            [DEBUG  ]  No samples found: peddy
[2019-01-15 17:25:50,495] multiqc                                            [DEBUG  ]  No samples found: methylQA
[2019-01-15 17:25:50,502] multiqc                                            [DEBUG  ]  No samples found: qualimap
[2019-01-15 17:25:50,507] multiqc                                            [DEBUG  ]  No samples found: preseq
[2019-01-15 17:25:50,513] multiqc                                            [DEBUG  ]  No samples found: quast
[2019-01-15 17:25:50,518] multiqc                                            [DEBUG  ]  No samples found: qorts
[2019-01-15 17:25:50,524] multiqc                                            [DEBUG  ]  No samples found: rna_seqc
[2019-01-15 17:25:50,529] multiqc                                            [DEBUG  ]  No samples found: rsem
[2019-01-15 17:25:50,538] multiqc                                            [DEBUG  ]  No samples found: rseqc
[2019-01-15 17:25:50,543] multiqc                                            [DEBUG  ]  No samples found: busco
[2019-01-15 17:25:50,548] multiqc                                            [DEBUG  ]  No samples found: goleft_indexcov
[2019-01-15 17:25:50,554] multiqc                                            [DEBUG  ]  No samples found: disambiguate
[2019-01-15 17:25:50,559] multiqc                                            [DEBUG  ]  No samples found: supernova
[2019-01-15 17:25:50,567] multiqc                                            [DEBUG  ]  No samples found: deeptools
[2019-01-15 17:25:50,572] multiqc                                            [DEBUG  ]  No samples found: sargasso
[2019-01-15 17:25:50,578] multiqc                                            [DEBUG  ]  No samples found: verifybamid
[2019-01-15 17:25:50,583] multiqc                                            [DEBUG  ]  No samples found: mirtrace
[2019-01-15 17:25:50,589] multiqc                                            [DEBUG  ]  No samples found: happy
[2019-01-15 17:25:50,595] multiqc                                            [DEBUG  ]  No samples found: homer
[2019-01-15 17:25:50,601] multiqc                                            [DEBUG  ]  No samples found: macs2
[2019-01-15 17:25:50,606] multiqc                                            [DEBUG  ]  No samples found: theta2
[2019-01-15 17:25:50,611] multiqc                                            [DEBUG  ]  No samples found: snpeff
[2019-01-15 17:25:50,618] multiqc                                            [DEBUG  ]  No samples found: gatk
[2019-01-15 17:25:50,624] multiqc                                            [DEBUG  ]  No samples found: htseq
[2019-01-15 17:25:50,629] multiqc                                            [DEBUG  ]  No samples found: bcftools
[2019-01-15 17:25:50,635] multiqc                                            [DEBUG  ]  No samples found: featureCounts
[2019-01-15 17:25:50,640] multiqc                                            [DEBUG  ]  No samples found: dedup
[2019-01-15 17:25:50,650] multiqc                                            [DEBUG  ]  No samples found: picard
[2019-01-15 17:25:50,656] multiqc                                            [DEBUG  ]  No samples found: prokka
[2019-01-15 17:25:50,661] multiqc                                            [DEBUG  ]  No samples found: samblaster
[2019-01-15 17:25:50,668] multiqc                                            [DEBUG  ]  No samples found: samtools
[2019-01-15 17:25:50,674] multiqc                                            [DEBUG  ]  No samples found: bamtools
[2019-01-15 17:25:50,679] multiqc                                            [DEBUG  ]  No samples found: jellyfish
[2019-01-15 17:25:50,688] multiqc                                            [DEBUG  ]  No samples found: vcftools
[2019-01-15 17:25:50,694] multiqc                                            [DEBUG  ]  No samples found: longranger
[2019-01-15 17:25:50,703] multiqc                                            [DEBUG  ]  No samples found: bbmap
[2019-01-15 17:25:50,709] multiqc                                            [DEBUG  ]  No samples found: bismark
[2019-01-15 17:25:50,715] multiqc                                            [DEBUG  ]  No samples found: hicexplorer
[2019-01-15 17:25:50,720] multiqc                                            [DEBUG  ]  No samples found: hicup
[2019-01-15 17:25:50,725] multiqc                                            [DEBUG  ]  No samples found: hicpro
[2019-01-15 17:25:50,731] multiqc                                            [DEBUG  ]  No samples found: salmon
[2019-01-15 17:25:50,736] multiqc                                            [DEBUG  ]  No samples found: kallisto
[2019-01-15 17:25:50,741] multiqc                                            [DEBUG  ]  No samples found: slamdunk
[2019-01-15 17:25:50,747] multiqc                                            [DEBUG  ]  No samples found: star
[2019-01-15 17:25:50,752] multiqc                                            [DEBUG  ]  No samples found: hisat2
[2019-01-15 17:25:50,757] multiqc                                            [DEBUG  ]  No samples found: tophat
[2019-01-15 17:25:50,762] multiqc                                            [DEBUG  ]  No samples found: bowtie2
[2019-01-15 17:25:50,767] multiqc                                            [DEBUG  ]  No samples found: bowtie1
[2019-01-15 17:25:50,772] multiqc                                            [DEBUG  ]  No samples found: kat
[2019-01-15 17:25:50,776] multiqc                                            [DEBUG  ]  No samples found: leehom
[2019-01-15 17:25:50,782] multiqc                                            [DEBUG  ]  No samples found: adapterRemoval
[2019-01-15 17:25:50,786] multiqc                                            [DEBUG  ]  No samples found: clipandmerge
[2019-01-15 17:25:50,791] multiqc                                            [DEBUG  ]  No samples found: cutadapt
[2019-01-15 17:25:50,795] multiqc                                            [DEBUG  ]  No samples found: flexbar
[2019-01-15 17:25:50,800] multiqc                                            [DEBUG  ]  No samples found: trimmomatic
[2019-01-15 17:25:50,804] multiqc                                            [DEBUG  ]  No samples found: skewer
[2019-01-15 17:25:50,809] multiqc                                            [DEBUG  ]  No samples found: sortmerna
[2019-01-15 17:25:50,813] multiqc                                            [DEBUG  ]  No samples found: biobloomtools
[2019-01-15 17:25:50,817] multiqc                                            [DEBUG  ]  No samples found: fastq_screen
[2019-01-15 17:25:50,821] multiqc                                            [DEBUG  ]  No samples found: afterqc
[2019-01-15 17:25:50,825] multiqc                                            [DEBUG  ]  No samples found: fastp
[2019-01-15 17:25:50,933] multiqc.modules.fastqc.fastqc                      [INFO   ]  Found 20 reports
[2019-01-15 17:25:51,459] multiqc                                            [DEBUG  ]  No samples found: clusterflow
[2019-01-15 17:25:51,463] multiqc                                            [DEBUG  ]  No samples found: bcl2fastq
[2019-01-15 17:25:51,467] multiqc                                            [DEBUG  ]  No samples found: interop
[2019-01-15 17:25:51,509] multiqc                                            [INFO   ]  Compressing plot data
[2019-01-15 17:25:51,930] multiqc                                            [INFO   ]  Report      : multiqc_report.html
[2019-01-15 17:25:51,930] multiqc                                            [INFO   ]  Data        : multiqc_data
[2019-01-15 17:25:51,931] multiqc                                            [DEBUG  ]  Moving data file from '/tmp/tmp33zics5q/multiqc_data/multiqc_data.json' to '/home/vgutierrez/work/trim/multiqc_data'
[2019-01-15 17:25:51,931] multiqc                                            [DEBUG  ]  Moving data file from '/tmp/tmp33zics5q/multiqc_data/multiqc_fastqc.txt' to '/home/vgutierrez/work/trim/multiqc_data'
[2019-01-15 17:25:51,931] multiqc                                            [DEBUG  ]  Moving data file from '/tmp/tmp33zics5q/multiqc_data/multiqc_general_stats.txt' to '/home/vgutierrez/work/trim/multiqc_data'
[2019-01-15 17:25:51,931] multiqc                                            [DEBUG  ]  Moving data file from '/tmp/tmp33zics5q/multiqc_data/multiqc_sources.txt' to '/home/vgutierrez/work/trim/multiqc_data'
[2019-01-15 17:25:52,078] multiqc                                            [INFO   ]  MultiQC complete
